<?xml version="1.0" encoding="UTF-8"?>
<!-- Generated by org.testng.reporters.JUnitReportReporter -->
<testsuite hostname="DESKTOP-30FNJH5" name="pkg1.Class2" tests="1" failures="0" timestamp="7 Mar 2020 17:51:08 GMT" time="0.035" errors="0">
  <testcase name="mm" time="0.035" classname="pkg1.Class2"/>
</testsuite> <!-- pkg1.Class2 -->
