<?xml version="1.0" encoding="UTF-8"?>
<!-- Generated by org.testng.reporters.JUnitReportReporter -->
<testsuite hostname="DESKTOP-30FNJH5" name="pkg3.Class3" tests="1" failures="0" timestamp="7 Mar 2020 17:47:58 GMT" time="0.017" errors="0">
  <testcase name="tt" time="0.017" classname="pkg3.Class3"/>
</testsuite> <!-- pkg3.Class3 -->
